<?xml version="1.0" encoding="UTF-8"?>
<beans xmlns="http://www.springframework.org/schema/beans"
		xmlns:xsi="http://www.w3.org/2001/XMLSchema-instance"
		xmlns:context="http://www.springframework.org/schema/context"
		xmlns:aop="http://www.springframework.org/schema/aop"
		xsi:schemaLocation="
		 http://www.springframework.org/schema/beans
		 http://www.springframework.org/schema/beans/spring-beans-2.5.xsd
		 http://www.springframework.org/schema/context
		 http://www.springframework.org/schema/context/spring-context-2.5.xsd
		 http://www.springframework.org/schema/aop
		 http://www.springframework.org/schema/aop/spring-aop-2.5.xsd
		 ">

	<bean id="test-dynamic-properties-factory.properties" class="com.nolilicht.dynamicproperties.spring.DynamicPropertiesFactory">
		<property name="locations">
			<list>
				<value>classpath:test-dynamic-properties-factory.properties</value>
			</list>
		</property>

		<property name="reloadInterval" value="60000" />

		<property name="classLoader" ref="dummyClassLoader" />
	</bean>

	<bean id="dummyClassLoader" class="com.nolilicht.dynamicproperties.DummyClassLoader"/>
</beans>